This is pdfTeX, Version 3.141592653-2.6-1.40.22 (TeX Live 2022/dev/Debian) (preloaded format=pdflatex 2025.10.5)  17 APR 2026 13:49
entering extended mode
 restricted \write18 enabled.
 %&-line parsing enabled.
**main.tex
(./main.tex
LaTeX2e <2021-11-15> patch level 1
L3 programming layer <2022-01-21>
(/usr/share/texlive/texmf-dist/tex/latex/base/article.cls
Document Class: article 2021/10/04 v1.4n Standard LaTeX document class
(/usr/share/texlive/texmf-dist/tex/latex/base/size12.clo
File: size12.clo 2021/10/04 v1.4n Standard LaTeX file (size option)
)
\c@part=\count185
\c@section=\count186
\c@subsection=\count187
\c@subsubsection=\count188
\c@paragraph=\count189
\c@subparagraph=\count190
\c@figure=\count191
\c@table=\count192
\abovecaptionskip=\skip47
\belowcaptionskip=\skip48
\bibindent=\dimen138
) (./preamble.tex
(/usr/share/texlive/texmf-dist/tex/latex/geometry/geometry.sty
Package: geometry 2020/01/02 v5.9 Page Geometry

(/usr/share/texlive/texmf-dist/tex/latex/graphics/keyval.sty
Package: keyval 2014/10/28 v1.15 key=value parser (DPC)
\KV@toks@=\toks16
)
(/usr/share/texlive/texmf-dist/tex/generic/iftex/ifvtex.sty
Package: ifvtex 2019/10/25 v1.7 ifvtex legacy package. Use iftex instead.

(/usr/share/texlive/texmf-dist/tex/generic/iftex/iftex.sty
Package: iftex 2020/03/06 v1.0d TeX engine tests
))
\Gm@cnth=\count193
\Gm@cntv=\count194
\c@Gm@tempcnt=\count195
\Gm@bindingoffset=\dimen139
\Gm@wd@mp=\dimen140
\Gm@odd@mp=\dimen141
\Gm@even@mp=\dimen142
\Gm@layoutwidth=\dimen143
\Gm@layoutheight=\dimen144
\Gm@layouthoffset=\dimen145
\Gm@layoutvoffset=\dimen146
\Gm@dimlist=\toks17
)
(/usr/share/texmf/tex/latex/lm/lmodern.sty
Package: lmodern 2009/10/30 v1.6 Latin Modern Fonts
LaTeX Font Info:    Overwriting symbol font `operators' in version `normal'
(Font)                  OT1/cmr/m/n --> OT1/lmr/m/n on input line 22.
LaTeX Font Info:    Overwriting symbol font `letters' in version `normal'
(Font)                  OML/cmm/m/it --> OML/lmm/m/it on input line 23.
LaTeX Font Info:    Overwriting symbol font `symbols' in version `normal'
(Font)                  OMS/cmsy/m/n --> OMS/lmsy/m/n on input line 24.
LaTeX Font Info:    Overwriting symbol font `largesymbols' in version `normal'
(Font)                  OMX/cmex/m/n --> OMX/lmex/m/n on input line 25.
LaTeX Font Info:    Overwriting symbol font `operators' in version `bold'
(Font)                  OT1/cmr/bx/n --> OT1/lmr/bx/n on input line 26.
LaTeX Font Info:    Overwriting symbol font `letters' in version `bold'
(Font)                  OML/cmm/b/it --> OML/lmm/b/it on input line 27.
LaTeX Font Info:    Overwriting symbol font `symbols' in version `bold'
(Font)                  OMS/cmsy/b/n --> OMS/lmsy/b/n on input line 28.
LaTeX Font Info:    Overwriting symbol font `largesymbols' in version `bold'
(Font)                  OMX/cmex/m/n --> OMX/lmex/m/n on input line 29.
LaTeX Font Info:    Overwriting math alphabet `\mathbf' in version `normal'
(Font)                  OT1/cmr/bx/n --> OT1/lmr/bx/n on input line 31.
LaTeX Font Info:    Overwriting math alphabet `\mathsf' in version `normal'
(Font)                  OT1/cmss/m/n --> OT1/lmss/m/n on input line 32.
LaTeX Font Info:    Overwriting math alphabet `\mathit' in version `normal'
(Font)                  OT1/cmr/m/it --> OT1/lmr/m/it on input line 33.
LaTeX Font Info:    Overwriting math alphabet `\mathtt' in version `normal'
(Font)                  OT1/cmtt/m/n --> OT1/lmtt/m/n on input line 34.
LaTeX Font Info:    Overwriting math alphabet `\mathbf' in version `bold'
(Font)                  OT1/cmr/bx/n --> OT1/lmr/bx/n on input line 35.
LaTeX Font Info:    Overwriting math alphabet `\mathsf' in version `bold'
(Font)                  OT1/cmss/bx/n --> OT1/lmss/bx/n on input line 36.
LaTeX Font Info:    Overwriting math alphabet `\mathit' in version `bold'
(Font)                  OT1/cmr/bx/it --> OT1/lmr/bx/it on input line 37.
LaTeX Font Info:    Overwriting math alphabet `\mathtt' in version `bold'
(Font)                  OT1/cmtt/m/n --> OT1/lmtt/m/n on input line 38.
)
(/usr/share/texlive/texmf-dist/tex/latex/setspace/setspace.sty
Package: setspace 2011/12/19 v6.7a set line spacing
)
(/usr/share/texlive/texmf-dist/tex/latex/tools/indentfirst.sty
Package: indentfirst 1995/11/23 v1.03 Indent first paragraph (DPC)
)
(/usr/share/texlive/texmf-dist/tex/latex/biblatex/biblatex.sty
Package: biblatex 2022/02/02 v3.17 programmable bibliographies (PK/MW)

(/usr/share/texlive/texmf-dist/tex/generic/pdftexcmds/pdftexcmds.sty
Package: pdftexcmds 2020-06-27 v0.33 Utility functions of pdfTeX for LuaTeX (HO
)

(/usr/share/texlive/texmf-dist/tex/generic/infwarerr/infwarerr.sty
Package: infwarerr 2019/12/03 v1.5 Providing info/warning/error messages (HO)
)
(/usr/share/texlive/texmf-dist/tex/generic/ltxcmds/ltxcmds.sty
Package: ltxcmds 2020-05-10 v1.25 LaTeX kernel commands for general use (HO)
)
Package pdftexcmds Info: \pdf@primitive is available.
Package pdftexcmds Info: \pdf@ifprimitive is available.
Package pdftexcmds Info: \pdfdraftmode found.
)
(/usr/share/texlive/texmf-dist/tex/latex/etoolbox/etoolbox.sty
Package: etoolbox 2020/10/05 v2.5k e-TeX tools for LaTeX (JAW)
\etb@tempcnta=\count196
)
(/usr/share/texlive/texmf-dist/tex/latex/kvoptions/kvoptions.sty
Package: kvoptions 2020-10-07 v3.14 Key value format for package options (HO)

(/usr/share/texlive/texmf-dist/tex/generic/kvsetkeys/kvsetkeys.sty
Package: kvsetkeys 2019/12/15 v1.18 Key value parser (HO)
))
(/usr/share/texlive/texmf-dist/tex/latex/logreq/logreq.sty
Package: logreq 2010/08/04 v1.0 xml request logger
\lrq@indent=\count197

(/usr/share/texlive/texmf-dist/tex/latex/logreq/logreq.def
File: logreq.def 2010/08/04 v1.0 logreq spec v1.0
))
(/usr/share/texlive/texmf-dist/tex/latex/base/ifthen.sty
Package: ifthen 2020/11/24 v1.1c Standard LaTeX ifthen package (DPC)
)
(/usr/share/texlive/texmf-dist/tex/latex/url/url.sty
\Urlmuskip=\muskip16
Package: url 2013/09/16  ver 3.4  Verb mode for urls, etc.
)
\c@tabx@nest=\count198
\c@listtotal=\count199
\c@listcount=\count266
\c@liststart=\count267
\c@liststop=\count268
\c@citecount=\count269
\c@citetotal=\count270
\c@multicitecount=\count271
\c@multicitetotal=\count272
\c@instcount=\count273
\c@maxnames=\count274
\c@minnames=\count275
\c@maxitems=\count276
\c@minitems=\count277
\c@citecounter=\count278
\c@maxcitecounter=\count279
\c@savedcitecounter=\count280
\c@uniquelist=\count281
\c@uniquename=\count282
\c@refsection=\count283
\c@refsegment=\count284
\c@maxextratitle=\count285
\c@maxextratitleyear=\count286
\c@maxextraname=\count287
\c@maxextradate=\count288
\c@maxextraalpha=\count289
\c@abbrvpenalty=\count290
\c@highnamepenalty=\count291
\c@lownamepenalty=\count292
\c@maxparens=\count293
\c@parenlevel=\count294
\blx@tempcnta=\count295
\blx@tempcntb=\count296
\blx@tempcntc=\count297
\c@blx@maxsection=\count298
\c@blx@maxsegment@0=\count299
\blx@notetype=\count300
\blx@parenlevel@text=\count301
\blx@parenlevel@foot=\count302
\c@blx@sectionciteorder@0=\count303
\blx@entrysetcounter=\count304
\blx@biblioinstance=\count305
\labelnumberwidth=\skip49
\labelalphawidth=\skip50
\biblabelsep=\skip51
\bibitemsep=\skip52
\bibnamesep=\skip53
\bibinitsep=\skip54
\bibparsep=\skip55
\bibhang=\skip56
\blx@bcfin=\read2
\blx@bcfout=\write3
\blx@langwohyphens=\language3
\c@mincomprange=\count306
\c@maxcomprange=\count307
\c@mincompwidth=\count308
Package biblatex Info: Trying to load biblatex default data model...
Package biblatex Info: ... file 'blx-dm.def' found.

(/usr/share/texlive/texmf-dist/tex/latex/biblatex/blx-dm.def
File: blx-dm.def 2022/02/02 v3.17 biblatex localization (PK/MW)
)
Package biblatex Info: Trying to load biblatex style data model...
Package biblatex Info: ... file 'ieee.dbx' not found.
Package biblatex Info: Trying to load biblatex custom data model...
Package biblatex Info: ... file 'biblatex-dm.cfg' not found.
\c@afterword=\count309
\c@savedafterword=\count310
\c@annotator=\count311
\c@savedannotator=\count312
\c@author=\count313
\c@savedauthor=\count314
\c@bookauthor=\count315
\c@savedbookauthor=\count316
\c@commentator=\count317
\c@savedcommentator=\count318
\c@editor=\count319
\c@savededitor=\count320
\c@editora=\count321
\c@savededitora=\count322
\c@editorb=\count323
\c@savededitorb=\count324
\c@editorc=\count325
\c@savededitorc=\count326
\c@foreword=\count327
\c@savedforeword=\count328
\c@holder=\count329
\c@savedholder=\count330
\c@introduction=\count331
\c@savedintroduction=\count332
\c@namea=\count333
\c@savednamea=\count334
\c@nameb=\count335
\c@savednameb=\count336
\c@namec=\count337
\c@savednamec=\count338
\c@translator=\count339
\c@savedtranslator=\count340
\c@shortauthor=\count341
\c@savedshortauthor=\count342
\c@shorteditor=\count343
\c@savedshorteditor=\count344
\c@labelname=\count345
\c@savedlabelname=\count346
\c@institution=\count347
\c@savedinstitution=\count348
\c@lista=\count349
\c@savedlista=\count350
\c@listb=\count351
\c@savedlistb=\count352
\c@listc=\count353
\c@savedlistc=\count354
\c@listd=\count355
\c@savedlistd=\count356
\c@liste=\count357
\c@savedliste=\count358
\c@listf=\count359
\c@savedlistf=\count360
\c@location=\count361
\c@savedlocation=\count362
\c@organization=\count363
\c@savedorganization=\count364
\c@origlocation=\count365
\c@savedoriglocation=\count366
\c@origpublisher=\count367
\c@savedorigpublisher=\count368
\c@publisher=\count369
\c@savedpublisher=\count370
\c@language=\count371
\c@savedlanguage=\count372
\c@origlanguage=\count373
\c@savedoriglanguage=\count374
\c@pageref=\count375
\c@savedpageref=\count376
\shorthandwidth=\skip57
\shortjournalwidth=\skip58
\shortserieswidth=\skip59
\shorttitlewidth=\skip60
\shortauthorwidth=\skip61
\shorteditorwidth=\skip62
\locallabelnumberwidth=\skip63
\locallabelalphawidth=\skip64
\localshorthandwidth=\skip65
\localshortjournalwidth=\skip66
\localshortserieswidth=\skip67
\localshorttitlewidth=\skip68
\localshortauthorwidth=\skip69
\localshorteditorwidth=\skip70
Package biblatex Info: Trying to load compatibility code...
Package biblatex Info: ... file 'blx-compat.def' found.

(/usr/share/texlive/texmf-dist/tex/latex/biblatex/blx-compat.def
File: blx-compat.def 2022/02/02 v3.17 biblatex compatibility (PK/MW)
)
Package biblatex Info: Trying to load generic definitions...
Package biblatex Info: ... file 'biblatex.def' found.

(/usr/share/texlive/texmf-dist/tex/latex/biblatex/biblatex.def
File: biblatex.def 2022/02/02 v3.17 biblatex compatibility (PK/MW)
\c@textcitecount=\count377
\c@textcitetotal=\count378
\c@textcitemaxnames=\count379
\c@biburlbigbreakpenalty=\count380
\c@biburlbreakpenalty=\count381
\c@biburlnumpenalty=\count382
\c@biburlucpenalty=\count383
\c@biburllcpenalty=\count384
\biburlbigskip=\muskip17
\biburlnumskip=\muskip18
\biburlucskip=\muskip19
\biburllcskip=\muskip20
\c@smartand=\count385
)
Package biblatex Info: Trying to load bibliography style 'ieee'...
Package biblatex Info: ... file 'ieee.bbx' found.

(/usr/share/texlive/texmf-dist/tex/latex/biblatex-ieee/ieee.bbx
File: ieee.bbx 2021/12/06 v1.3f biblatex bibliography style
Package biblatex Info: Trying to load bibliography style 'numeric-comp'...
Package biblatex Info: ... file 'numeric-comp.bbx' found.

(/usr/share/texlive/texmf-dist/tex/latex/biblatex/bbx/numeric-comp.bbx
File: numeric-comp.bbx 2022/02/02 v3.17 biblatex bibliography style (PK/MW)
Package biblatex Info: Trying to load bibliography style 'numeric'...
Package biblatex Info: ... file 'numeric.bbx' found.

(/usr/share/texlive/texmf-dist/tex/latex/biblatex/bbx/numeric.bbx
File: numeric.bbx 2022/02/02 v3.17 biblatex bibliography style (PK/MW)
Package biblatex Info: Trying to load bibliography style 'standard'...
Package biblatex Info: ... file 'standard.bbx' found.

(/usr/share/texlive/texmf-dist/tex/latex/biblatex/bbx/standard.bbx
File: standard.bbx 2022/02/02 v3.17 biblatex bibliography style (PK/MW)
\c@bbx:relatedcount=\count386
\c@bbx:relatedtotal=\count387
))))
Package biblatex Info: Trying to load citation style 'ieee'...
Package biblatex Info: ... file 'ieee.cbx' found.

(/usr/share/texlive/texmf-dist/tex/latex/biblatex-ieee/ieee.cbx
File: ieee.cbx 2021/12/06 v1.3f biblatex citation style
Package biblatex Info: Trying to load citation style 'numeric-comp'...
Package biblatex Info: ... file 'numeric-comp.cbx' found.

(/usr/share/texlive/texmf-dist/tex/latex/biblatex/cbx/numeric-comp.cbx
File: numeric-comp.cbx 2022/02/02 v3.17 biblatex citation style (PK/MW)
\c@cbx@tempcnta=\count388
\c@cbx@tempcntb=\count389
\c@cbx@tempcntc=\count390
\c@cbx@tempcntd=\count391
Package biblatex Info: Redefining '\cite'.
Package biblatex Info: Redefining '\parencite'.
Package biblatex Info: Redefining '\footcite'.
Package biblatex Info: Redefining '\footcitetext'.
Package biblatex Info: Redefining '\smartcite'.
Package biblatex Info: Redefining '\supercite'.
Package biblatex Info: Redefining '\textcite'.
Package biblatex Info: Redefining '\textcites'.
Package biblatex Info: Redefining '\cites'.
Package biblatex Info: Redefining '\parencites'.
Package biblatex Info: Redefining '\smartcites'.
)
Package biblatex Info: Redefining '\cite'.
Package biblatex Info: Redefining '\supercite'.
Package biblatex Info: Redefining '\cites'.
)
Package biblatex Info: Trying to load configuration file...
Package biblatex Info: ... file 'biblatex.cfg' found.

(/usr/share/texlive/texmf-dist/tex/latex/biblatex/biblatex.cfg
File: biblatex.cfg 
)
Package biblatex Info: Input encoding 'utf8' detected.
Package biblatex Info: Document encoding is UTF8 ....

(/usr/share/texlive/texmf-dist/tex/latex/l3kernel/expl3.sty
Package: expl3 2022-01-21 L3 programming layer (loader) 

(/usr/share/texlive/texmf-dist/tex/latex/l3backend/l3backend-pdftex.def
File: l3backend-pdftex.def 2022-01-12 L3 backend support: PDF output (pdfTeX)
\l__color_backend_stack_int=\count392
\l__pdf_internal_box=\box50
))
Package biblatex Info: ... and expl3
(biblatex)             2022-01-21 L3 programming layer (loader) 
(biblatex)             is new enough (at least 2020/04/06),
(biblatex)             setting 'casechanger=expl3'.

(/usr/share/texlive/texmf-dist/tex/latex/biblatex/blx-case-expl3.sty
(/usr/share/texlive/texmf-dist/tex/latex/l3packages/xparse/xparse.sty
Package: xparse 2022-01-12 L3 Experimental document command parser
)
Package: blx-case-expl3 2022/02/02 v3.17 expl3 case changing code for biblatex
))
(/usr/share/texlive/texmf-dist/tex/latex/graphics/graphicx.sty
Package: graphicx 2021/09/16 v1.2d Enhanced LaTeX Graphics (DPC,SPQR)

(/usr/share/texlive/texmf-dist/tex/latex/graphics/graphics.sty
Package: graphics 2021/03/04 v1.4d Standard LaTeX Graphics (DPC,SPQR)

(/usr/share/texlive/texmf-dist/tex/latex/graphics/trig.sty
Package: trig 2021/08/11 v1.11 sin cos tan (DPC)
)
(/usr/share/texlive/texmf-dist/tex/latex/graphics-cfg/graphics.cfg
File: graphics.cfg 2016/06/04 v1.11 sample graphics configuration
)
Package graphics Info: Driver file: pdftex.def on input line 107.

(/usr/share/texlive/texmf-dist/tex/latex/graphics-def/pdftex.def
File: pdftex.def 2020/10/05 v1.2a Graphics/color driver for pdftex
))
\Gin@req@height=\dimen147
\Gin@req@width=\dimen148
)
(/usr/share/texlive/texmf-dist/tex/latex/caption/subcaption.sty
Package: subcaption 2020/10/07 v1.3j Sub-captions (AR)

(/usr/share/texlive/texmf-dist/tex/latex/caption/caption.sty
Package: caption 2020/10/26 v3.5g Customizing captions (AR)

(/usr/share/texlive/texmf-dist/tex/latex/caption/caption3.sty
Package: caption3 2020/10/21 v2.2e caption3 kernel (AR)
\captionmargin=\dimen149
\captionmargin@=\dimen150
\captionwidth=\dimen151
\caption@tempdima=\dimen152
\caption@indent=\dimen153
\caption@parindent=\dimen154
\caption@hangindent=\dimen155
Package caption Info: Standard document class detected.
)
\c@caption@flags=\count393
\c@continuedfloat=\count394
)
\c@subfigure=\count395
\c@subtable=\count396
)
(/usr/share/texlive/texmf-dist/tex/latex/float/float.sty
Package: float 2001/11/08 v1.3d Float enhancements (AL)
\c@float@type=\count397
\float@exts=\toks18
\float@box=\box51
\@float@everytoks=\toks19
\@floatcapt=\box52
)
(/usr/share/texlive/texmf-dist/tex/latex/placeins/placeins.sty
Package: placeins 2005/04/18  v 2.2
)
(/usr/share/texlive/texmf-dist/tex/latex/booktabs/booktabs.sty
Package: booktabs 2020/01/12 v1.61803398 Publication quality tables
\heavyrulewidth=\dimen156
\lightrulewidth=\dimen157
\cmidrulewidth=\dimen158
\belowrulesep=\dimen159
\belowbottomsep=\dimen160
\aboverulesep=\dimen161
\abovetopsep=\dimen162
\cmidrulesep=\dimen163
\cmidrulekern=\dimen164
\defaultaddspace=\dimen165
\@cmidla=\count398
\@cmidlb=\count399
\@aboverulesep=\dimen166
\@belowrulesep=\dimen167
\@thisruleclass=\count400
\@lastruleclass=\count401
\@thisrulewidth=\dimen168
)
(/usr/share/texlive/texmf-dist/tex/latex/tools/tabularx.sty
Package: tabularx 2020/01/15 v2.11c `tabularx' package (DPC)

(/usr/share/texlive/texmf-dist/tex/latex/tools/array.sty
Package: array 2021/10/04 v2.5f Tabular extension package (FMi)
\col@sep=\dimen169
\ar@mcellbox=\box53
\extrarowheight=\dimen170
\NC@list=\toks20
\extratabsurround=\skip71
\backup@length=\skip72
\ar@cellbox=\box54
)
\TX@col@width=\dimen171
\TX@old@table=\dimen172
\TX@old@col=\dimen173
\TX@target=\dimen174
\TX@delta=\dimen175
\TX@cols=\count402
\TX@ftn=\toks21
)
(/usr/share/texlive/texmf-dist/tex/latex/multirow/multirow.sty
Package: multirow 2021/03/15 v2.8 Span multiple rows of a table
\multirow@colwidth=\skip73
\multirow@cntb=\count403
\multirow@dima=\skip74
\bigstrutjot=\dimen176
)
(/usr/share/texlive/texmf-dist/tex/latex/amsmath/amsmath.sty
Package: amsmath 2021/10/15 v2.17l AMS math features
\@mathmargin=\skip75

For additional information on amsmath, use the `?' option.
(/usr/share/texlive/texmf-dist/tex/latex/amsmath/amstext.sty
Package: amstext 2021/08/26 v2.01 AMS text

(/usr/share/texlive/texmf-dist/tex/latex/amsmath/amsgen.sty
File: amsgen.sty 1999/11/30 v2.0 generic functions
\@emptytoks=\toks22
\ex@=\dimen177
))
(/usr/share/texlive/texmf-dist/tex/latex/amsmath/amsbsy.sty
Package: amsbsy 1999/11/29 v1.2d Bold Symbols
\pmbraise@=\dimen178
)
(/usr/share/texlive/texmf-dist/tex/latex/amsmath/amsopn.sty
Package: amsopn 2021/08/26 v2.02 operator names
)
\inf@bad=\count404
LaTeX Info: Redefining \frac on input line 234.
\uproot@=\count405
\leftroot@=\count406
LaTeX Info: Redefining \overline on input line 399.
\classnum@=\count407
\DOTSCASE@=\count408
LaTeX Info: Redefining \ldots on input line 496.
LaTeX Info: Redefining \dots on input line 499.
LaTeX Info: Redefining \cdots on input line 620.
\Mathstrutbox@=\box55
\strutbox@=\box56
\big@size=\dimen179
LaTeX Font Info:    Redeclaring font encoding OML on input line 743.
LaTeX Font Info:    Redeclaring font encoding OMS on input line 744.
\macc@depth=\count409
\c@MaxMatrixCols=\count410
\dotsspace@=\muskip21
\c@parentequation=\count411
\dspbrk@lvl=\count412
\tag@help=\toks23
\row@=\count413
\column@=\count414
\maxfields@=\count415
\andhelp@=\toks24
\eqnshift@=\dimen180
\alignsep@=\dimen181
\tagshift@=\dimen182
\tagwidth@=\dimen183
\totwidth@=\dimen184
\lineht@=\dimen185
\@envbody=\toks25
\multlinegap=\skip76
\multlinetaggap=\skip77
\mathdisplay@stack=\toks26
LaTeX Info: Redefining \[ on input line 2938.
LaTeX Info: Redefining \] on input line 2939.
)
(/usr/share/texlive/texmf-dist/tex/latex/xcolor/xcolor.sty
Package: xcolor 2021/10/31 v2.13 LaTeX color extensions (UK)

(/usr/share/texlive/texmf-dist/tex/latex/graphics-cfg/color.cfg
File: color.cfg 2016/01/02 v1.6 sample color configuration
)
Package xcolor Info: Driver file: pdftex.def on input line 227.

(/usr/share/texlive/texmf-dist/tex/latex/colortbl/colortbl.sty
Package: colortbl 2020/01/04 v1.0e Color table columns (DPC)
\everycr=\toks27
\minrowclearance=\skip78
)
\rownum=\count416
Package xcolor Info: Model `cmy' substituted by `cmy0' on input line 1352.
Package xcolor Info: Model `hsb' substituted by `rgb' on input line 1356.
Package xcolor Info: Model `RGB' extended on input line 1368.
Package xcolor Info: Model `HTML' substituted by `rgb' on input line 1370.
Package xcolor Info: Model `Hsb' substituted by `hsb' on input line 1371.
Package xcolor Info: Model `tHsb' substituted by `hsb' on input line 1372.
Package xcolor Info: Model `HSB' substituted by `hsb' on input line 1373.
Package xcolor Info: Model `Gray' substituted by `gray' on input line 1374.
Package xcolor Info: Model `wave' substituted by `hsb' on input line 1375.
)
(/usr/share/texlive/texmf-dist/tex/latex/ltablex/ltablex.sty
Package: ltablex 2014/08/13 v1.1 Modified tabularx

(/usr/share/texlive/texmf-dist/tex/latex/tools/longtable.sty
Package: longtable 2021-09-01 v4.17 Multi-page Table package (DPC)
\LTleft=\skip79
\LTright=\skip80
\LTpre=\skip81
\LTpost=\skip82
\LTchunksize=\count417
\LTcapwidth=\dimen186
\LT@head=\box57
\LT@firsthead=\box58
\LT@foot=\box59
\LT@lastfoot=\box60
\LT@gbox=\box61
\LT@cols=\count418
\LT@rows=\count419
\c@LT@tables=\count420
\c@LT@chunks=\count421
\LT@p@ftn=\toks28
))
(/usr/share/texlive/texmf-dist/tex/latex/nomencl/nomencl.sty
Package: nomencl 2021/11/10 v5.6 Nomenclature package

(/usr/share/texlive/texmf-dist/tex/latex/xkeyval/xkeyval.sty
Package: xkeyval 2020/11/20 v2.8 package option processing (HA)

(/usr/share/texlive/texmf-dist/tex/generic/xkeyval/xkeyval.tex
(/usr/share/texlive/texmf-dist/tex/generic/xkeyval/xkvutils.tex
\XKV@toks=\toks29
\XKV@tempa@toks=\toks30
)
\XKV@depth=\count422
File: xkeyval.tex 2014/12/03 v2.7a key=value parser (HA)
))
(/usr/share/texlive/texmf-dist/tex/latex/koma-script/tocbasic.sty
Package: tocbasic 2021/11/13 v3.35 KOMA-Script package (handling toc-files)

(/usr/share/texlive/texmf-dist/tex/latex/koma-script/scrbase.sty
Package: scrbase 2021/11/13 v3.35 KOMA-Script package (KOMA-Script-independent 
basics and keyval usage)

(/usr/share/texlive/texmf-dist/tex/latex/koma-script/scrlfile.sty
Package: scrlfile 2021/11/13 v3.35 KOMA-Script package (file load hooks)

(/usr/share/texlive/texmf-dist/tex/latex/koma-script/scrlfile-hook.sty
Package: scrlfile-hook 2021/11/13 v3.35 KOMA-Script package (using LaTeX hooks)


(/usr/share/texlive/texmf-dist/tex/latex/koma-script/scrlogo.sty
Package: scrlogo 2021/11/13 v3.35 KOMA-Script package (logo)
)))
Applying: [2021/05/01] Usage of raw or classic option list on input line 252.
Already applied: [0000/00/00] Usage of raw or classic option list on input line
 368.
)
\scr@dte@tocline@numberwidth=\skip83
\scr@dte@tocline@numbox=\box62
)
Package tocbasic Info: babel extension for `nlo' omitted
(tocbasic)             because of missing \bbl@set@language on input line 187.
Package tocbasic Info: babel extension for `nls' omitted
(tocbasic)             because of missing \bbl@set@language on input line 188.
\nomlabelwidth=\dimen187
\nom@tempdim=\dimen188
\nomitemsep=\skip84
)
\@nomenclaturefile=\write4
\openout4 = `main.nlo'.

Package nomencl Info: Writing nomenclature file main.nlo on input line 23.

(/usr/share/texlive/texmf-dist/tex/latex/hyperref/hyperref.sty
Package: hyperref 2021-06-07 v7.00m Hypertext links for LaTeX

(/usr/share/texlive/texmf-dist/tex/generic/kvdefinekeys/kvdefinekeys.sty
Package: kvdefinekeys 2019-12-19 v1.6 Define keys (HO)
)
(/usr/share/texlive/texmf-dist/tex/generic/pdfescape/pdfescape.sty
Package: pdfescape 2019/12/09 v1.15 Implements pdfTeX's escape features (HO)
)
(/usr/share/texlive/texmf-dist/tex/latex/hycolor/hycolor.sty
Package: hycolor 2020-01-27 v1.10 Color options for hyperref/bookmark (HO)
)
(/usr/share/texlive/texmf-dist/tex/latex/letltxmacro/letltxmacro.sty
Package: letltxmacro 2019/12/03 v1.6 Let assignment for LaTeX macros (HO)
)
(/usr/share/texlive/texmf-dist/tex/latex/auxhook/auxhook.sty
Package: auxhook 2019-12-17 v1.6 Hooks for auxiliary files (HO)
)
\@linkdim=\dimen189
\Hy@linkcounter=\count423
\Hy@pagecounter=\count424

(/usr/share/texlive/texmf-dist/tex/latex/hyperref/pd1enc.def
File: pd1enc.def 2021-06-07 v7.00m Hyperref: PDFDocEncoding definition (HO)
Now handling font encoding PD1 ...
... no UTF-8 mapping file for font encoding PD1
)
(/usr/share/texlive/texmf-dist/tex/latex/hyperref/hyperref-langpatches.def
File: hyperref-langpatches.def 2021-06-07 v7.00m Hyperref: patches for babel la
nguages
)
(/usr/share/texlive/texmf-dist/tex/generic/intcalc/intcalc.sty
Package: intcalc 2019/12/15 v1.3 Expandable calculations with integers (HO)
)
(/usr/share/texlive/texmf-dist/tex/generic/etexcmds/etexcmds.sty
Package: etexcmds 2019/12/15 v1.7 Avoid name clashes with e-TeX commands (HO)
)
\Hy@SavedSpaceFactor=\count425

(/usr/share/texlive/texmf-dist/tex/latex/hyperref/puenc.def
File: puenc.def 2021-06-07 v7.00m Hyperref: PDF Unicode definition (HO)
Now handling font encoding PU ...
... no UTF-8 mapping file for font encoding PU
)
Package hyperref Info: Hyper figures OFF on input line 4192.
Package hyperref Info: Link nesting OFF on input line 4197.
Package hyperref Info: Hyper index ON on input line 4200.
Package hyperref Info: Plain pages OFF on input line 4207.
Package hyperref Info: Backreferencing OFF on input line 4212.
Package hyperref Info: Implicit mode ON; LaTeX internals redefined.
Package hyperref Info: Bookmarks ON on input line 4445.
\c@Hy@tempcnt=\count426
LaTeX Info: Redefining \url on input line 4804.
\XeTeXLinkMargin=\dimen190

(/usr/share/texlive/texmf-dist/tex/generic/bitset/bitset.sty
Package: bitset 2019/12/09 v1.3 Handle bit-vector datatype (HO)

(/usr/share/texlive/texmf-dist/tex/generic/bigintcalc/bigintcalc.sty
Package: bigintcalc 2019/12/15 v1.5 Expandable calculations on big integers (HO
)
))
\Fld@menulength=\count427
\Field@Width=\dimen191
\Fld@charsize=\dimen192
Package hyperref Info: Hyper figures OFF on input line 6076.
Package hyperref Info: Link nesting OFF on input line 6081.
Package hyperref Info: Hyper index ON on input line 6084.
Package hyperref Info: backreferencing OFF on input line 6091.
Package hyperref Info: Link coloring OFF on input line 6096.
Package hyperref Info: Link coloring with OCG OFF on input line 6101.
Package hyperref Info: PDF/A mode OFF on input line 6106.
LaTeX Info: Redefining \ref on input line 6146.
LaTeX Info: Redefining \pageref on input line 6150.

(/usr/share/texlive/texmf-dist/tex/latex/base/atbegshi-ltx.sty
Package: atbegshi-ltx 2021/01/10 v1.0c Emulation of the original atbegshi
package with kernel methods
)
\Hy@abspage=\count428
\c@Item=\count429
\c@Hfootnote=\count430
)
Package hyperref Info: Driver (autodetected): hpdftex.

(/usr/share/texlive/texmf-dist/tex/latex/hyperref/hpdftex.def
File: hpdftex.def 2021-06-07 v7.00m Hyperref driver for pdfTeX

(/usr/share/texlive/texmf-dist/tex/latex/base/atveryend-ltx.sty
Package: atveryend-ltx 2020/08/19 v1.0a Emulation of the original atveryend pac
kage
with kernel methods
)
\Fld@listcount=\count431
\c@bookmark@seq@number=\count432

(/usr/share/texlive/texmf-dist/tex/latex/rerunfilecheck/rerunfilecheck.sty
Package: rerunfilecheck 2019/12/05 v1.9 Rerun checks for auxiliary files (HO)

(/usr/share/texlive/texmf-dist/tex/generic/uniquecounter/uniquecounter.sty
Package: uniquecounter 2019/12/15 v1.4 Provide unlimited unique counter (HO)
)
Package uniquecounter Info: New unique counter `rerunfilecheck' on input line 2
86.
)
\Hy@SectionHShift=\skip85
)
(/usr/share/texlive/texmf-dist/tex/latex/bookmark/bookmark.sty
Package: bookmark 2020-11-06 v1.29 PDF bookmarks (HO)

(/usr/share/texlive/texmf-dist/tex/latex/bookmark/bkm-pdftex.def
File: bkm-pdftex.def 2020-11-06 v1.29 bookmark driver for pdfTeX (HO)
\BKM@id=\count433
)))
\@quotelevel=\count434
\@quotereset=\count435
LaTeX Font Info:    Trying to load font information for OT1+lmr on input line 5
.

(/usr/share/texmf/tex/latex/lm/ot1lmr.fd
File: ot1lmr.fd 2009/10/30 v1.6 Font defs for Latin Modern
)
(/home/aidan/repos/masters/report/build/main.aux)
\openout1 = `main.aux'.

LaTeX Font Info:    Checking defaults for OML/cmm/m/it on input line 5.
LaTeX Font Info:    ... okay on input line 5.
LaTeX Font Info:    Checking defaults for OMS/cmsy/m/n on input line 5.
LaTeX Font Info:    ... okay on input line 5.
LaTeX Font Info:    Checking defaults for OT1/cmr/m/n on input line 5.
LaTeX Font Info:    ... okay on input line 5.
LaTeX Font Info:    Checking defaults for T1/cmr/m/n on input line 5.
LaTeX Font Info:    ... okay on input line 5.
LaTeX Font Info:    Checking defaults for TS1/cmr/m/n on input line 5.
LaTeX Font Info:    ... okay on input line 5.
LaTeX Font Info:    Checking defaults for OMX/cmex/m/n on input line 5.
LaTeX Font Info:    ... okay on input line 5.
LaTeX Font Info:    Checking defaults for U/cmr/m/n on input line 5.
LaTeX Font Info:    ... okay on input line 5.
LaTeX Font Info:    Checking defaults for PD1/pdf/m/n on input line 5.
LaTeX Font Info:    ... okay on input line 5.
LaTeX Font Info:    Checking defaults for PU/pdf/m/n on input line 5.
LaTeX Font Info:    ... okay on input line 5.

*geometry* driver: auto-detecting
*geometry* detected driver: pdftex
*geometry* verbose mode - [ preamble ] result:
* driver: pdftex
* paper: <default>
* layout: <same size as paper>
* layoutoffset:(h,v)=(0.0pt,0.0pt)
* modes: 
* h-part:(L,W,R)=(72.26999pt, 469.75502pt, 72.26999pt)
* v-part:(T,H,B)=(72.26999pt, 650.43001pt, 72.26999pt)
* \paperwidth=614.295pt
* \paperheight=794.96999pt
* \textwidth=469.75502pt
* \textheight=650.43001pt
* \oddsidemargin=0.0pt
* \evensidemargin=0.0pt
* \topmargin=-37.0pt
* \headheight=12.0pt
* \headsep=25.0pt
* \topskip=12.0pt
* \footskip=30.0pt
* \marginparwidth=44.0pt
* \marginparsep=10.0pt
* \columnsep=10.0pt
* \skip\footins=10.8pt plus 4.0pt minus 2.0pt
* \hoffset=0.0pt
* \voffset=0.0pt
* \mag=1000
* \@twocolumnfalse
* \@twosidefalse
* \@mparswitchfalse
* \@reversemarginfalse
* (1in=72.27pt=25.4mm, 1cm=28.453pt)

Package biblatex Info: Trying to load language 'english'...
Package biblatex Info: ... file 'english.lbx' found.
(/usr/share/texlive/texmf-dist/tex/latex/biblatex/lbx/english.lbx
File: english.lbx 2022/02/02 v3.17 biblatex localization (PK/MW)
)
Package biblatex Info: Input encoding 'utf8' detected.
Package biblatex Info: Automatic encoding selection.
(biblatex)             Assuming data encoding 'utf8'.
\openout3 = `main.bcf'.

Package biblatex Info: Trying to load bibliographic data...
Package biblatex Info: ... file 'main.bbl' found.

(/home/aidan/repos/masters/report/build/main.bbl)
Package biblatex Info: Reference section=0 on input line 5.
Package biblatex Info: Reference segment=0 on input line 5.

(/usr/share/texlive/texmf-dist/tex/context/base/mkii/supp-pdf.mkii
[Loading MPS to PDF converter (version 2006.09.02).]
\scratchcounter=\count436
\scratchdimen=\dimen193
\scratchbox=\box63
\nofMPsegments=\count437
\nofMParguments=\count438
\everyMPshowfont=\toks31
\MPscratchCnt=\count439
\MPscratchDim=\dimen194
\MPnumerator=\count440
\makeMPintoPDFobject=\count441
\everyMPtoPDFconversion=\toks32
) (/usr/share/texlive/texmf-dist/tex/latex/epstopdf-pkg/epstopdf-base.sty
Package: epstopdf-base 2020-01-24 v2.11 Base part for package epstopdf
Package epstopdf-base Info: Redefining graphics rule for `.eps' on input line 4
85.

(/usr/share/texlive/texmf-dist/tex/latex/latexconfig/epstopdf-sys.cfg
File: epstopdf-sys.cfg 2010/07/13 v1.3 Configuration of (r)epstopdf for TeX Liv
e
))
Package caption Info: Begin \AtBeginDocument code.
Package caption Info: float package is loaded.
Package caption Info: hyperref package is loaded.
Package caption Info: longtable package is loaded.

(/usr/share/texlive/texmf-dist/tex/latex/caption/ltcaption.sty
Package: ltcaption 2020/05/30 v1.4b longtable captions (AR)
)
Package caption Info: End \AtBeginDocument code.
Package hyperref Info: Link coloring OFF on input line 5.

(/usr/share/texlive/texmf-dist/tex/latex/hyperref/nameref.sty
Package: nameref 2021-04-02 v2.47 Cross-referencing by name of section

(/usr/share/texlive/texmf-dist/tex/latex/refcount/refcount.sty
Package: refcount 2019/12/15 v3.6 Data extraction from label references (HO)
)
(/usr/share/texlive/texmf-dist/tex/generic/gettitlestring/gettitlestring.sty
Package: gettitlestring 2019/12/15 v1.6 Cleanup title references (HO)
)
\c@section@level=\count442
)
LaTeX Info: Redefining \ref on input line 5.
LaTeX Info: Redefining \pageref on input line 5.
LaTeX Info: Redefining \nameref on input line 5.

(./frontpages/titlepage.tex [1

{/var/lib/texmf/fonts/map/pdftex/updmap/pdftex.map}]) (./frontpages/approval.te
x
LaTeX Font Info:    Trying to load font information for OML+lmm on input line 1
3.
 (/usr/share/texmf/tex/latex/lm/omllmm.fd
File: omllmm.fd 2009/10/30 v1.6 Font defs for Latin Modern
)
LaTeX Font Info:    Trying to load font information for OMS+lmsy on input line 
13.

(/usr/share/texmf/tex/latex/lm/omslmsy.fd
File: omslmsy.fd 2009/10/30 v1.6 Font defs for Latin Modern
)
LaTeX Font Info:    Trying to load font information for OMX+lmex on input line 
13.

(/usr/share/texmf/tex/latex/lm/omxlmex.fd
File: omxlmex.fd 2009/10/30 v1.6 Font defs for Latin Modern
)
LaTeX Font Info:    External font `lmex10' loaded for size
(Font)              <12> on input line 13.
LaTeX Font Info:    External font `lmex10' loaded for size
(Font)              <8> on input line 13.
LaTeX Font Info:    External font `lmex10' loaded for size
(Font)              <6> on input line 13.
)pdfTeX warning (ext4): destination with the same identifier (name{page.}) has 
been already used, duplicate ignored
<to be read again> 
                   \relax 
l.16 \clearpage
                [1

] (./frontpages/acknowledgements.tex)pdfTeX warning (ext4): destination with th
e same identifier (name{page.}) has been already used, duplicate ignored
<to be read again> 
                   \relax 
l.19 \clearpage
                [2

] (./frontpages/abstract.tex) [1

]
(/home/aidan/repos/masters/report/build/main.toc [2

] [3])
\tf@toc=\write5
\openout5 = `main.toc'.

 [4]
(/home/aidan/repos/masters/report/build/main.lof
LaTeX Font Info:    Trying to load font information for OT1+lmtt on input line 
13.

(/usr/share/texmf/tex/latex/lm/ot1lmtt.fd
File: ot1lmtt.fd 2009/10/30 v1.6 Font defs for Latin Modern
) [5

])
\tf@lof=\write6
\openout6 = `main.lof'.

 [6]
No file main.nls.
(./chapters/introduction_v2.tex [1


]) (./chapters/related_work_v2.tex [2]
[3] [4]
<figures/related_work/2_2_1_induction_loops.png, id=323, 307.1475pt x 228.855pt
>
File: figures/related_work/2_2_1_induction_loops.png Graphic file (type png)
<use figures/related_work/2_2_1_induction_loops.png>
Package pdftex.def Info: figures/related_work/2_2_1_induction_loops.png  used o
n input line 113.
(pdftex.def)             Requested size: 248.22101pt x 184.9429pt.
 [5 <./figures/related_work/2_2_1_induction_loops.png>]
<figures/related_work/2_2_1_pneumatic_tubes.png, id=338, 374.14781pt x 243.9112
5pt>
File: figures/related_work/2_2_1_pneumatic_tubes.png Graphic file (type png)
<use figures/related_work/2_2_1_pneumatic_tubes.png>
Package pdftex.def Info: figures/related_work/2_2_1_pneumatic_tubes.png  used o
n input line 143.
(pdftex.def)             Requested size: 283.69302pt x 184.9429pt.
 [6 <./figures/related_work/2_2_1_pneumatic_tubes.png>] [7]) (./chapters/datase
t.tex [8]
<figures/dataset/3_2_pelco_esprit_camera.png, id=394, 188.95593pt x 193.47281pt
>
File: figures/dataset/3_2_pelco_esprit_camera.png Graphic file (type png)
<use figures/dataset/3_2_pelco_esprit_camera.png>
Package pdftex.def Info: figures/dataset/3_2_pelco_esprit_camera.png  used on i
nput line 71.
(pdftex.def)             Requested size: 97.26004pt x 99.58464pt.
<figures/dataset/3_2_pelco_9760_camera.png, id=397, 164.11313pt x 126.4725pt>
File: figures/dataset/3_2_pelco_9760_camera.png Graphic file (type png)
<use figures/dataset/3_2_pelco_9760_camera.png>
Package pdftex.def Info: figures/dataset/3_2_pelco_9760_camera.png  used on inp
ut line 77.
(pdftex.def)             Requested size: 129.22473pt x 99.58464pt.
<figures/dataset/3_2_axis_camera.png, id=400, 158.84344pt x 119.69719pt>
File: figures/dataset/3_2_axis_camera.png Graphic file (type png)
<use figures/dataset/3_2_axis_camera.png>
Package pdftex.def Info: figures/dataset/3_2_axis_camera.png  used on input lin
e 83.
(pdftex.def)             Requested size: 132.15268pt x 99.58464pt.

[9 <./figures/dataset/3_2_pelco_esprit_camera.png> <./figures/dataset/3_2_pelco
_9760_camera.png> <./figures/dataset/3_2_axis_camera.png>]
<figures/dataset/3_3_1_camera_serviced.png, id=418, 366.61969pt x 250.68657pt>
File: figures/dataset/3_3_1_camera_serviced.png Graphic file (type png)
<use figures/dataset/3_3_1_camera_serviced.png>
Package pdftex.def Info: figures/dataset/3_3_1_camera_serviced.png  used on inp
ut line 127.
(pdftex.def)             Requested size: 166.443pt x 113.81102pt.
<figures/dataset/3_3_1_camera_no_feed.png, id=419, 406.51875pt x 250.68657pt>
File: figures/dataset/3_3_1_camera_no_feed.png Graphic file (type png)
<use figures/dataset/3_3_1_camera_no_feed.png>
Package pdftex.def Info: figures/dataset/3_3_1_camera_no_feed.png  used on inpu
t line 134.
(pdftex.def)             Requested size: 184.55692pt x 113.81102pt.
 [10 <./figures/dataset/3_3_1_camera_serviced.png> <./figures/dataset/3_3_1_cam
era_no_feed.png>]
<figures/dataset/3_3_1_front_side_view.png, id=440, 461.47406pt x 313.17pt>
File: figures/dataset/3_3_1_front_side_view.png Graphic file (type png)
<use figures/dataset/3_3_1_front_side_view.png>
Package pdftex.def Info: figures/dataset/3_3_1_front_side_view.png  used on inp
ut line 185.
(pdftex.def)             Requested size: 209.64006pt x 142.26378pt.
<figures/dataset/3_3_1_side_rear_view.png, id=441, 457.71pt x 311.66437pt>
File: figures/dataset/3_3_1_side_rear_view.png Graphic file (type png)
<use figures/dataset/3_3_1_side_rear_view.png>
Package pdftex.def Info: figures/dataset/3_3_1_side_rear_view.png  used on inpu
t line 192.
(pdftex.def)             Requested size: 208.92885pt x 142.26378pt.
<figures/dataset/3_3_1_rear_front_view.png, id=442, 459.96844pt x 310.91156pt>
File: figures/dataset/3_3_1_rear_front_view.png Graphic file (type png)
<use figures/dataset/3_3_1_rear_front_view.png>
Package pdftex.def Info: figures/dataset/3_3_1_rear_front_view.png  used on inp
ut line 202.
(pdftex.def)             Requested size: 210.46507pt x 142.26378pt.
<figures/dataset/3_3_1_side_front_rear_view.png, id=443, 458.46281pt x 310.9115
6pt>
File: figures/dataset/3_3_1_side_front_rear_view.png Graphic file (type png)
<use figures/dataset/3_3_1_side_front_rear_view.png>
Package pdftex.def Info: figures/dataset/3_3_1_side_front_rear_view.png  used o
n input line 209.
(pdftex.def)             Requested size: 209.77615pt x 142.26378pt.
<figures/dataset/3_3_1_dataset_cameras_map.png, id=444, 822.07124pt x 493.845pt
>
File: figures/dataset/3_3_1_dataset_cameras_map.png Graphic file (type png)
<use figures/dataset/3_3_1_dataset_cameras_map.png>
Package pdftex.def Info: figures/dataset/3_3_1_dataset_cameras_map.png  used on
 input line 254.
(pdftex.def)             Requested size: 497.31073pt x 298.75394pt.

Overfull \hbox (27.55571pt too wide) in paragraph at lines 254--255
 [][] 
 []

[11] [12 <./figures/dataset/3_3_1_front_side_view.png> <./figures/dataset/3_3_1
_side_rear_view.png> <./figures/dataset/3_3_1_rear_front_view.png> <./figures/d
ataset/3_3_1_side_front_rear_view.png>]
<figures/dataset/3_3_2_vehicles_hour_chart.png, id=463, 1068.99374pt x 389.2040
6pt>
File: figures/dataset/3_3_2_vehicles_hour_chart.png Graphic file (type png)
<use figures/dataset/3_3_2_vehicles_hour_chart.png>
Package pdftex.def Info: figures/dataset/3_3_2_vehicles_hour_chart.png  used on
 input line 283.
(pdftex.def)             Requested size: 351.67615pt x 128.0374pt.
 [13 <./figures/dataset/3_3_1_dataset_cameras_map.png>]
<figures/dataset/3_3_2_condition_sunny.png, id=471, 517.18219pt x 353.06906pt>
File: figures/dataset/3_3_2_condition_sunny.png Graphic file (type png)
<use figures/dataset/3_3_2_condition_sunny.png>
Package pdftex.def Info: figures/dataset/3_3_2_condition_sunny.png  used on inp
ut line 296.
(pdftex.def)             Requested size: 208.39227pt x 142.26378pt.
<figures/dataset/3_3_2_condition_rainy.png, id=472, 516.42938pt x 352.31625pt>
File: figures/dataset/3_3_2_condition_rainy.png Graphic file (type png)
<use figures/dataset/3_3_2_condition_rainy.png>
Package pdftex.def Info: figures/dataset/3_3_2_condition_rainy.png  used on inp
ut line 302.
(pdftex.def)             Requested size: 208.53023pt x 142.26378pt.
<figures/dataset/3_3_2_condition_night.png, id=473, 516.42938pt x 352.31625pt>
File: figures/dataset/3_3_2_condition_night.png Graphic file (type png)
<use figures/dataset/3_3_2_condition_night.png>
Package pdftex.def Info: figures/dataset/3_3_2_condition_night.png  used on inp
ut line 311.
(pdftex.def)             Requested size: 208.53023pt x 142.26378pt.
<figures/dataset/3_3_2_condition_normal.png, id=474, 516.42938pt x 351.56343pt>

File: figures/dataset/3_3_2_condition_normal.png Graphic file (type png)
<use figures/dataset/3_3_2_condition_normal.png>
Package pdftex.def Info: figures/dataset/3_3_2_condition_normal.png  used on in
put line 317.
(pdftex.def)             Requested size: 208.97151pt x 142.26378pt.
 [14 <./figures/dataset/3_3_2_vehicles_hour_chart.png> <./figures/dataset/3_3_2
_condition_sunny.png> <./figures/dataset/3_3_2_condition_rainy.png> <./figures/
dataset/3_3_2_condition_night.png> <./figures/dataset/3_3_2_condition_normal.pn
g>]
<figures/dataset/3_4_cvat_intro.png, id=485, 815.29594pt x 409.53pt>
File: figures/dataset/3_4_cvat_intro.png Graphic file (type png)
<use figures/dataset/3_4_cvat_intro.png>
Package pdftex.def Info: figures/dataset/3_4_cvat_intro.png  used on input line
 345.
(pdftex.def)             Requested size: 396.51282pt x 199.16928pt.
 [15 <./figures/dataset/3_4_cvat_intro.png>]
<figures/dataset/3_4_1_sedan_suv_heuristics.png, id=496, 435.87843pt x 238.6415
6pt>
File: figures/dataset/3_4_1_sedan_suv_heuristics.png Graphic file (type png)
<use figures/dataset/3_4_1_sedan_suv_heuristics.png>
Package pdftex.def Info: figures/dataset/3_4_1_sedan_suv_heuristics.png  used o
n input line 401.
(pdftex.def)             Requested size: 181.89047pt x 99.58464pt.
<figures/dataset/3_4_1_sedan_suv_label.png, id=497, 437.38406pt x 257.46187pt>
File: figures/dataset/3_4_1_sedan_suv_label.png Graphic file (type png)
<use figures/dataset/3_4_1_sedan_suv_label.png>
Package pdftex.def Info: figures/dataset/3_4_1_sedan_suv_label.png  used on inp
ut line 407.
(pdftex.def)             Requested size: 169.17757pt x 99.58464pt.
 [16]
<figures/dataset/3_4_1_minivan_heuristics.png, id=506, 332.74312pt x 151.3153pt
>
File: figures/dataset/3_4_1_minivan_heuristics.png Graphic file (type png)
<use figures/dataset/3_4_1_minivan_heuristics.png>
Package pdftex.def Info: figures/dataset/3_4_1_minivan_heuristics.png  used on 
input line 435.
(pdftex.def)             Requested size: 218.98662pt x 99.58464pt.
<figures/dataset/3_4_1_suv_heuristics.png, id=507, 316.93407pt x 167.87718pt>
File: figures/dataset/3_4_1_suv_heuristics.png Graphic file (type png)
<use figures/dataset/3_4_1_suv_heuristics.png>
Package pdftex.def Info: figures/dataset/3_4_1_suv_heuristics.png  used on inpu
t line 442.
(pdftex.def)             Requested size: 188.00504pt x 99.58464pt.
 [17 <./figures/dataset/3_4_1_sedan_suv_heuristics.png> <./figures/dataset/3_4_
1_sedan_suv_label.png> <./figures/dataset/3_4_1_minivan_heuristics.png> <./figu
res/dataset/3_4_1_suv_heuristics.png>] [18]
LaTeX Font Info:    Trying to load font information for TS1+lmr on input line 5
34.
 (/usr/share/texmf/tex/latex/lm/ts1lmr.fd
File: ts1lmr.fd 2009/10/30 v1.6 Font defs for Latin Modern
)
<figures/dataset/3_4_2_minivan_attribute.png, id=537, 451.6875pt x 252.945pt>
File: figures/dataset/3_4_2_minivan_attribute.png Graphic file (type png)
<use figures/dataset/3_4_2_minivan_attribute.png>
Package pdftex.def Info: figures/dataset/3_4_2_minivan_attribute.png  used on i
nput line 556.
(pdftex.def)             Requested size: 254.04602pt x 142.26378pt.

[19] [20 <./figures/dataset/3_4_2_minivan_attribute.png>]
<figures/dataset/3_4_3_unknown_example.png, id=555, 676.02562pt x 457.71pt>
File: figures/dataset/3_4_3_unknown_example.png Graphic file (type png)
<use figures/dataset/3_4_3_unknown_example.png>
Package pdftex.def Info: figures/dataset/3_4_3_unknown_example.png  used on inp
ut line 611.
(pdftex.def)             Requested size: 252.13704pt x 170.71652pt.
<figures/dataset/3_4_3_unknown_zoomed.png, id=556, 481.04718pt x 390.70969pt>
File: figures/dataset/3_4_3_unknown_zoomed.png Graphic file (type png)
<use figures/dataset/3_4_3_unknown_zoomed.png>
Package pdftex.def Info: figures/dataset/3_4_3_unknown_zoomed.png  used on inpu
t line 621.
(pdftex.def)             Requested size: 122.61035pt x 99.58464pt.
<figures/dataset/3_4_3_unknown_labeled.png, id=557, 480.29437pt x 395.97937pt>
File: figures/dataset/3_4_3_unknown_labeled.png Graphic file (type png)
<use figures/dataset/3_4_3_unknown_labeled.png>
Package pdftex.def Info: figures/dataset/3_4_3_unknown_labeled.png  used on inp
ut line 627.
(pdftex.def)             Requested size: 120.78416pt x 99.58464pt.
 [21 <./figures/dataset/3_4_3_unknown_example.png> <./figures/dataset/3_4_3_unk
nown_zoomed.png> <./figures/dataset/3_4_3_unknown_labeled.png>] [22] [23] [24])

(./chapters/methodology.tex [25]
<figures/methodology/4_1_yolo_diagram.png, id=596, 1236.11812pt x 542.025pt>
File: figures/methodology/4_1_yolo_diagram.png Graphic file (type png)
<use figures/methodology/4_1_yolo_diagram.png>
Package pdftex.def Info: figures/methodology/4_1_yolo_diagram.png  used on inpu
t line 20.
(pdftex.def)             Requested size: 454.20667pt x 199.16928pt.
<figures/methodology/4_1_1_cnn_diagram.png, id=601, 409.53pt x 225.09094pt>
File: figures/methodology/4_1_1_cnn_diagram.png Graphic file (type png)
<use figures/methodology/4_1_1_cnn_diagram.png>
Package pdftex.def Info: figures/methodology/4_1_1_cnn_diagram.png  used on inp
ut line 39.
(pdftex.def)             Requested size: 336.4979pt x 184.9429pt.
 [26 <./figures/methodology/4_1_yolo_diagram.png>] [27 <./figures/methodology/4
_1_1_cnn_diagram.png>]
<figures/methodology/4_1_2_grid.png, id=624, 585.68813pt x 412.54124pt>
File: figures/methodology/4_1_2_grid.png Graphic file (type png)
<use figures/methodology/4_1_2_grid.png>
Package pdftex.def Info: figures/methodology/4_1_2_grid.png  used on input line
 99.
(pdftex.def)             Requested size: 242.3679pt x 170.71652pt.
 [28 <./figures/methodology/4_1_2_grid.png>]
<figures/methodology/4_1_3_bounding_box.png, id=638, 583.42969pt x 411.03563pt>

File: figures/methodology/4_1_3_bounding_box.png Graphic file (type png)
<use figures/methodology/4_1_3_bounding_box.png>
Package pdftex.def Info: figures/methodology/4_1_3_bounding_box.png  used on in
put line 150.
(pdftex.def)             Requested size: 242.31465pt x 170.71652pt.
 [29 <./figures/methodology/4_1_3_bounding_box.png>]
<figures/methodology/4_1_4_class_prob.png, id=651, 537.50812pt x 203.25937pt>
File: figures/methodology/4_1_4_class_prob.png Graphic file (type png)
<use figures/methodology/4_1_4_class_prob.png>
Package pdftex.def Info: figures/methodology/4_1_4_class_prob.png  used on inpu
t line 205.
(pdftex.def)             Requested size: 451.46274pt x 170.71652pt.

[30]
<figures/methodology/4_1_5_predictions.png, id=664, 583.42969pt x 410.2828pt>
File: figures/methodology/4_1_5_predictions.png Graphic file (type png)
<use figures/methodology/4_1_5_predictions.png>
Package pdftex.def Info: figures/methodology/4_1_5_predictions.png  used on inp
ut line 241.
(pdftex.def)             Requested size: 242.75978pt x 170.71652pt.
 [31 <./figures/methodology/4_1_4_class_prob.png>] [32 <./figures/methodology/4
_1_5_predictions.png>] [33]
<figures/methodology/4_2_class_taxonomy.png, id=694, 462.97969pt x 388.45125pt>

File: figures/methodology/4_2_class_taxonomy.png Graphic file (type png)
<use figures/methodology/4_2_class_taxonomy.png>
Package pdftex.def Info: figures/methodology/4_2_class_taxonomy.png  used on in
put line 338.
(pdftex.def)             Requested size: 237.38812pt x 199.16928pt.
 [34 <./figures/methodology/4_2_class_taxonomy.png>]
<figures/methodology/4_3_unmasked.png, id=703, 441.90094pt x 300.3722pt>
File: figures/methodology/4_3_unmasked.png Graphic file (type png)
<use figures/methodology/4_3_unmasked.png>
Package pdftex.def Info: figures/methodology/4_3_unmasked.png  used on input li
ne 377.
(pdftex.def)             Requested size: 230.22809pt x 156.49014pt.

Overfull \hbox (4.7477pt too wide) in paragraph at lines 377--378
 [][] 
 []

<figures/methodology/4_3_masked.png, id=704, 442.65375pt x 301.8778pt>
File: figures/methodology/4_3_masked.png Graphic file (type png)
<use figures/methodology/4_3_masked.png>
Package pdftex.def Info: figures/methodology/4_3_masked.png  used on input line
 384.
(pdftex.def)             Requested size: 229.4653pt x 156.49014pt.

Overfull \hbox (3.98491pt too wide) in paragraph at lines 384--385
 [][] 
 []

[35 <./figures/methodology/4_3_unmasked.png> <./figures/methodology/4_3_masked.
png>]
<figures/methodology/4_4_intersection_union.png, id=713, 640.64343pt x 162.6075
pt>
File: figures/methodology/4_4_intersection_union.png Graphic file (type png)
<use figures/methodology/4_4_intersection_union.png>
Package pdftex.def Info: figures/methodology/4_4_intersection_union.png  used o
n input line 438.
(pdftex.def)             Requested size: 392.35599pt x 99.58464pt.
<figures/methodology/4_4_iou_calculation.png, id=714, 455.45157pt x 256.70906pt
>
File: figures/methodology/4_4_iou_calculation.png Graphic file (type png)
<use figures/methodology/4_4_iou_calculation.png>
Package pdftex.def Info: figures/methodology/4_4_iou_calculation.png  used on i
nput line 448.
(pdftex.def)             Requested size: 281.85587pt x 158.8681pt.
<figures/methodology/4_4_confusion_matrix.png, id=715, 313.9228pt x 304.88907pt
>
File: figures/methodology/4_4_confusion_matrix.png Graphic file (type png)
<use figures/methodology/4_4_confusion_matrix.png>
Package pdftex.def Info: figures/methodology/4_4_confusion_matrix.png  used on 
input line 461.
(pdftex.def)             Requested size: 190.42923pt x 184.9429pt.
 [36 <./figures/methodology/4_4_intersection_union.png>] [37 <./figures/methodo
logy/4_4_iou_calculation.png> <./figures/methodology/4_4_confusion_matrix.png>]
 [38]
<figures/methodology/4_4_example_pr_curve_ap.png, id=737, 514.0806pt x 409.2891
pt>
File: figures/methodology/4_4_example_pr_curve_ap.png Graphic file (type png)
<use figures/methodology/4_4_example_pr_curve_ap.png>
Package pdftex.def Info: figures/methodology/4_4_example_pr_curve_ap.png  used 
on input line 572.
(pdftex.def)             Requested size: 214.42197pt x 170.71652pt.
 [39] [40 <./figures/methodology/4_4_example_pr_curve_ap.png>])
(./chapters/results.tex [41] [42]
<figures/results/5_1_1_baseline_overlayed_ap50.png, id=775, 642.4803pt x 390.25
8pt>
File: figures/results/5_1_1_baseline_overlayed_ap50.png Graphic file (type png)

<use figures/results/5_1_1_baseline_overlayed_ap50.png>
Package pdftex.def Info: figures/results/5_1_1_baseline_overlayed_ap50.png  use
d on input line 79.
(pdftex.def)             Requested size: 210.78392pt x 128.0374pt.

Underfull \hbox (badness 1509) in paragraph at lines 80--80
[]\OT1/lmr/m/n/10.95 (a) |Val-i-da-tion AP50 ver-sus train-ing epoch
 []

<figures/results/5_1_1_baseline_overlayed_map.png, id=776, 642.4803pt x 390.258
pt>
File: figures/results/5_1_1_baseline_overlayed_map.png Graphic file (type png)
<use figures/results/5_1_1_baseline_overlayed_map.png>
Package pdftex.def Info: figures/results/5_1_1_baseline_overlayed_map.png  used
 on input line 86.
(pdftex.def)             Requested size: 210.78392pt x 128.0374pt.

Underfull \hbox (badness 1769) in paragraph at lines 87--87
[]\OT1/lmr/m/n/10.95 (b) |Val-i-da-tion mAP ver-sus train-ing epoch
 []

[43] [44 <./figures/results/5_1_1_baseline_overlayed_ap50.png> <./figures/resul
ts/5_1_1_baseline_overlayed_mAP.png>]
<figures/results/5_1_2_v11s_cm_pre.png, id=795, 754.4988pt x 701.7417pt>
File: figures/results/5_1_2_v11s_cm_pre.png Graphic file (type png)
<use figures/results/5_1_2_v11s_cm_pre.png>
Package pdftex.def Info: figures/results/5_1_2_v11s_cm_pre.png  used on input l
ine 152.
(pdftex.def)             Requested size: 275.32645pt x 256.0748pt.

Overfull \hbox (49.84605pt too wide) in paragraph at lines 152--153
 [][] 
 []

<figures/results/5_1_2_v26s_cm_pre.png, id=796, 754.4988pt x 701.7417pt>
File: figures/results/5_1_2_v26s_cm_pre.png Graphic file (type png)
<use figures/results/5_1_2_v26s_cm_pre.png>
Package pdftex.def Info: figures/results/5_1_2_v26s_cm_pre.png  used on input l
ine 159.
(pdftex.def)             Requested size: 275.32645pt x 256.0748pt.

Overfull \hbox (49.84605pt too wide) in paragraph at lines 159--160
 [][] 
 []

<figures/results/5_1_2_v11s_cm_post.png, id=798, 754.4988pt x 701.7417pt>
File: figures/results/5_1_2_v11s_cm_post.png Graphic file (type png)
<use figures/results/5_1_2_v11s_cm_post.png>
Package pdftex.def Info: figures/results/5_1_2_v11s_cm_post.png  used on input 
line 184.
(pdftex.def)             Requested size: 275.32645pt x 256.0748pt.

Overfull \hbox (49.84605pt too wide) in paragraph at lines 184--185
 [][] 
 []

<figures/results/5_1_2_v26s_cm_post.png, id=799, 754.4988pt x 701.7417pt>
File: figures/results/5_1_2_v26s_cm_post.png Graphic file (type png)
<use figures/results/5_1_2_v26s_cm_post.png>
Package pdftex.def Info: figures/results/5_1_2_v26s_cm_post.png  used on input 
line 191.
(pdftex.def)             Requested size: 275.32645pt x 256.0748pt.

Overfull \hbox (49.84605pt too wide) in paragraph at lines 191--192
 [][] 
 []

[45] [46 <./figures/results/5_1_2_v11s_cm_pre.png> <./figures/results/5_1_2_v26
s_cm_pre.png>] [47 <./figures/results/5_1_2_v11s_cm_post.png> <./figures/result
s/5_1_2_v26s_cm_post.png>]
<figures/results/5_1_2_hardneg_original.png, id=822, 311.66437pt x 211.54031pt>

File: figures/results/5_1_2_hardneg_original.png Graphic file (type png)
<use figures/results/5_1_2_hardneg_original.png>
Package pdftex.def Info: figures/results/5_1_2_hardneg_original.png  used on in
put line 278.
(pdftex.def)             Requested size: 209.60347pt x 142.26378pt.
<figures/results/5_1_2_hardneg_boxes.png, id=823, 313.17pt x 213.04594pt>
File: figures/results/5_1_2_hardneg_boxes.png Graphic file (type png)
<use figures/results/5_1_2_hardneg_boxes.png>
Package pdftex.def Info: figures/results/5_1_2_hardneg_boxes.png  used on input
 line 285.
(pdftex.def)             Requested size: 209.13467pt x 142.26378pt.
 [48] [49 <./figures/results/5_1_2_hardneg_original.png> <./figures/results/5_1
_2_hardneg_boxes.png>]
Overfull \hbox (7.12027pt too wide) in paragraph at lines 390--390
[]|\OT1/lmr/m/n/10.95 Backbone|  
 []


Overfull \hbox (7.12027pt too wide) in paragraph at lines 390--390
[]|\OT1/lmr/m/n/10.95 Backbone|  
 []


Overfull \hbox (13.87367pt too wide) in paragraph at lines 390--390
[]|\OT1/lmr/m/n/10.95 YOLOv11s|  
 []


Overfull \hbox (13.87367pt too wide) in paragraph at lines 390--390
[]|\OT1/lmr/m/n/10.95 YOLOv11s|  
 []


Overfull \hbox (13.87367pt too wide) in paragraph at lines 390--390
[]|\OT1/lmr/m/n/10.95 YOLOv11s|  
 []


Overfull \hbox (13.87367pt too wide) in paragraph at lines 390--390
[]|\OT1/lmr/m/n/10.95 YOLOv11s|  
 []


Overfull \hbox (1.84099pt too wide) in paragraph at lines 390--390
[]|[]|  
 []


Overfull \hbox (13.87367pt too wide) in paragraph at lines 390--390
[]|\OT1/lmr/m/n/10.95 YOLOv11s|  
 []


Overfull \hbox (13.87367pt too wide) in paragraph at lines 390--390
[]|\OT1/lmr/m/n/10.95 YOLOv26s|  
 []


Overfull \hbox (13.87367pt too wide) in paragraph at lines 390--390
[]|\OT1/lmr/m/n/10.95 YOLOv26s|  
 []


Overfull \hbox (13.87367pt too wide) in paragraph at lines 390--390
[]|\OT1/lmr/m/n/10.95 YOLOv26s|  
 []


Overfull \hbox (1.84099pt too wide) in paragraph at lines 390--390
[]|[]|  
 []

[50] [51] [52] [53] [54] [55]
<figures/results/5_3_1_nms_th_top.png, id=887, 543.53062pt x 368.1253pt>
File: figures/results/5_3_1_nms_th_top.png Graphic file (type png)
<use figures/results/5_3_1_nms_th_top.png>
Package pdftex.def Info: figures/results/5_3_1_nms_th_top.png  used on input li
ne 653.
(pdftex.def)             Requested size: 231.05965pt x 156.49014pt.
<figures/results/5_3_1_nms_th_mid.png, id=888, 544.28343pt x 368.1253pt>
File: figures/results/5_3_1_nms_th_mid.png Graphic file (type png)
<use figures/results/5_3_1_nms_th_mid.png>
Package pdftex.def Info: figures/results/5_3_1_nms_th_mid.png  used on input li
ne 662.
(pdftex.def)             Requested size: 231.37968pt x 156.49014pt.
<figures/results/5_3_1_nms_th_bot.png, id=889, 545.78906pt x 368.87813pt>
File: figures/results/5_3_1_nms_th_bot.png Graphic file (type png)
<use figures/results/5_3_1_nms_th_bot.png>
Package pdftex.def Info: figures/results/5_3_1_nms_th_bot.png  used on input li
ne 671.
(pdftex.def)             Requested size: 231.53671pt x 156.49014pt.
<figures/results/5_3_1_ap50_conf_nms.png, id=890, 476.982pt x 354.123pt>
File: figures/results/5_3_1_ap50_conf_nms.png Graphic file (type png)
<use figures/results/5_3_1_ap50_conf_nms.png>
Package pdftex.def Info: figures/results/5_3_1_ap50_conf_nms.png  used on input
 line 687.
(pdftex.def)             Requested size: 210.78976pt x 156.49014pt.

Underfull \hbox (badness 10000) in paragraph at lines 688--688
[]\OT1/lmr/m/n/10.95 (a) |Val-i-da-tion AP50 across confidence-
 []

<figures/results/5_3_1_map_conf_nms.png, id=891, 483.4863pt x 354.123pt>
File: figures/results/5_3_1_map_conf_nms.png Graphic file (type png)
<use figures/results/5_3_1_map_conf_nms.png>
Package pdftex.def Info: figures/results/5_3_1_map_conf_nms.png  used on input 
line 694.
(pdftex.def)             Requested size: 213.66417pt x 156.49014pt.
[56] [57 <./figures/results/5_3_1_nms_th_top.png> <./figures/results/5_3_1_nms_
th_mid.png> <./figures/results/5_3_1_nms_th_bot.png>] [58 <./figures/results/5_
3_1_ap50_conf_nms.png> <./figures/results/5_3_1_map_conf_nms.png>] [59]
<figures/results/5_4_new_broadway_ex.jpg, id=924, 353.32pt x 240.9pt>
File: figures/results/5_4_new_broadway_ex.jpg Graphic file (type jpg)
<use figures/results/5_4_new_broadway_ex.jpg>
Package pdftex.def Info: figures/results/5_4_new_broadway_ex.jpg  used on input
 line 805.
(pdftex.def)             Requested size: 146.05359pt x 99.58464pt.
<figures/results/5_4_new_pelham_ex.jpg, id=925, 353.32pt x 240.9pt>
File: figures/results/5_4_new_pelham_ex.jpg Graphic file (type jpg)
<use figures/results/5_4_new_pelham_ex.jpg>
Package pdftex.def Info: figures/results/5_4_new_pelham_ex.jpg  used on input l
ine 811.
(pdftex.def)             Requested size: 146.05359pt x 99.58464pt.

Underfull \hbox (badness 5133) in paragraph at lines 812--812
[]\OT1/lmr/m/n/10.95 (b) |Pel-ham Park-way West-
 []

<figures/results/5_4_new_atl_ex.jpg, id=926, 353.32pt x 240.9pt>
File: figures/results/5_4_new_atl_ex.jpg Graphic file (type jpg)
<use figures/results/5_4_new_atl_ex.jpg>
Package pdftex.def Info: figures/results/5_4_new_atl_ex.jpg  used on input line
 817.
(pdftex.def)             Requested size: 146.05359pt x 99.58464pt.
[60 <./figures/results/5_4_new_broadway_ex.jpg> <./figures/results/5_4_new_pelh
am_ex.jpg> <./figures/results/5_4_new_atl_ex.jpg>] [61]
<figures/results/5_4_pel_hourly.png, id=944, 474.27188pt x 262.73157pt>
File: figures/results/5_4_pel_hourly.png Graphic file (type png)
<use figures/results/5_4_pel_hourly.png>
Package pdftex.def Info: figures/results/5_4_pel_hourly.png  used on input line
 935.
(pdftex.def)             Requested size: 225.4804pt x 124.90703pt.
<figures/results/5_4_pel_hourly_norm.png, id=945, 469.755pt x 262.73157pt>
File: figures/results/5_4_pel_hourly_norm.png Graphic file (type png)
<use figures/results/5_4_pel_hourly_norm.png>
Package pdftex.def Info: figures/results/5_4_pel_hourly_norm.png  used on input
 line 942.
(pdftex.def)             Requested size: 225.4804pt x 126.10971pt.
<figures/results/5_4_atl_hourly.png, id=946, 465.99094pt x 263.48438pt>
File: figures/results/5_4_atl_hourly.png Graphic file (type png)
<use figures/results/5_4_atl_hourly.png>
Package pdftex.def Info: figures/results/5_4_atl_hourly.png  used on input line
 952.
(pdftex.def)             Requested size: 225.4804pt x 127.49225pt.
<figures/results/5_4_atl_hourly_norm.png, id=947, 473.51906pt x 261.97874pt>
File: figures/results/5_4_atl_hourly_norm.png Graphic file (type png)
<use figures/results/5_4_atl_hourly_norm.png>
Package pdftex.def Info: figures/results/5_4_atl_hourly_norm.png  used on input
 line 958.
(pdftex.def)             Requested size: 225.4804pt x 124.749pt.
<figures/results/5_4_broad_hourly.png, id=948, 466.74374pt x 261.97874pt>
File: figures/results/5_4_broad_hourly.png Graphic file (type png)
<use figures/results/5_4_broad_hourly.png>
Package pdftex.def Info: figures/results/5_4_broad_hourly.png  used on input li
ne 968.
(pdftex.def)             Requested size: 225.4804pt x 126.55984pt.
<figures/results/5_4_broad_hourly_norm.png, id=949, 473.51906pt x 264.99pt>
File: figures/results/5_4_broad_hourly_norm.png Graphic file (type png)
<use figures/results/5_4_broad_hourly_norm.png>
Package pdftex.def Info: figures/results/5_4_broad_hourly_norm.png  used on inp
ut line 974.
(pdftex.def)             Requested size: 225.4804pt x 126.18289pt.
 [62] [63 <./figures/results/5_4_pel_hourly.png> <./figures/results/5_4_pel_hou
rly_norm.png> <./figures/results/5_4_atl_hourly.png> <./figures/results/5_4_atl
_hourly_norm.png> <./figures/results/5_4_broad_hourly.png> <./figures/results/5
_4_broad_hourly_norm.png>]) (./chapters/discussion.tex [64] [65] [66] [67] [68]
 [69] [70] [71])
(./chapters/limitations.tex
<figures/limitations/7_night_glare.png, id=1041, 400.49625pt x 240.9pt>
File: figures/limitations/7_night_glare.png Graphic file (type png)
<use figures/limitations/7_night_glare.png>
Package pdftex.def Info: figures/limitations/7_night_glare.png  used on input l
ine 29.
(pdftex.def)             Requested size: 150.32504pt x 90.42181pt.
<figures/limitations/7_sun_glare.png, id=1042, 399.74344pt x 238.64156pt>
File: figures/limitations/7_sun_glare.png Graphic file (type png)
<use figures/limitations/7_sun_glare.png>
Package pdftex.def Info: figures/limitations/7_sun_glare.png  used on input lin
e 36.
(pdftex.def)             Requested size: 150.32504pt x 89.74161pt.
<figures/limitations/7_glitched_frame.png, id=1043, 399.74344pt x 240.14719pt>
File: figures/limitations/7_glitched_frame.png Graphic file (type png)
<use figures/limitations/7_glitched_frame.png>
Package pdftex.def Info: figures/limitations/7_glitched_frame.png  used on inpu
t line 43.
(pdftex.def)             Requested size: 150.32504pt x 90.3078pt.
 [72] [73 <./figures/limitations/7_night_glare.png> <./figures/limitations/7_su
n_glare.png> <./figures/limitations/7_glitched_frame.png>]) (./chapters/future_
work.tex [74]) (./chapters/conclusion.tex [75]
[76]) [77] (./chapters/appendix/transformer_aug.tex [78] [79]) [80]
LaTeX Font Info:    Trying to load font information for OMS+lmr on input line 5
8.

(/usr/share/texmf/tex/latex/lm/omslmr.fd
File: omslmr.fd 2009/10/30 v1.6 Font defs for Latin Modern
)
LaTeX Font Info:    Font shape `OMS/lmr/m/n' in size <12> not available
(Font)              Font shape `OMS/lmsy/m/n' tried instead on input line 58.
 [81] [82] [83] [84]

Package biblatex Warning: No driver for entry type 'artwork'.
(biblatex)                Using fallback driver on input line 58.


Package biblatex Warning: No driver for entry type 'artwork'.
(biblatex)                Using fallback driver on input line 58.


Package biblatex Warning: No driver for entry type 'artwork'.
(biblatex)                Using fallback driver on input line 58.

[85] [86] [87] [88] [89] (/home/aidan/repos/masters/report/build/main.aux)
Package logreq Info: Writing requests to 'main.run.xml'.
\openout1 = `main.run.xml'.

 ) 
Here is how much of TeX's memory you used:
 22176 strings out of 480247
 414366 string characters out of 5896151
 1148388 words of memory out of 5000000
 39391 multiletter control sequences out of 15000+600000
 515753 words of font info for 55 fonts, out of 8000000 for 9000
 14 hyphenation exceptions out of 8191
 115i,17n,109p,2111b,1446s stack positions out of 5000i,500n,10000p,200000b,80000s
{/usr/share/texmf/fonts/enc/dvips/lm/lm-rmsc.enc}{/usr/share/texmf/fonts/enc/
dvips/lm/lm-mathsy.enc}{/usr/share/texmf/fonts/enc/dvips/lm/lm-mathex.enc}{/usr
/share/texmf/fonts/enc/dvips/lm/lm-mathit.enc}{/usr/share/texmf/fonts/enc/dvips
/lm/lm-rmtt.enc}{/usr/share/texmf/fonts/enc/dvips/lm/lm-ts1.enc}{/usr/share/tex
mf/fonts/enc/dvips/lm/lm-rm.enc}</usr/share/texmf/fonts/type1/public/lm/lmbx10.
pfb></usr/share/texmf/fonts/type1/public/lm/lmbx12.pfb></usr/share/texmf/fonts/
type1/public/lm/lmcsc10.pfb></usr/share/texmf/fonts/type1/public/lm/lmex10.pfb>
</usr/share/texmf/fonts/type1/public/lm/lmmi12.pfb></usr/share/texmf/fonts/type
1/public/lm/lmmi8.pfb></usr/share/texmf/fonts/type1/public/lm/lmr10.pfb></usr/s
hare/texmf/fonts/type1/public/lm/lmr12.pfb></usr/share/texmf/fonts/type1/public
/lm/lmr8.pfb></usr/share/texmf/fonts/type1/public/lm/lmri12.pfb></usr/share/tex
mf/fonts/type1/public/lm/lmsy10.pfb></usr/share/texmf/fonts/type1/public/lm/lms
y8.pfb></usr/share/texmf/fonts/type1/public/lm/lmtt10.pfb></usr/share/texmf/fon
ts/type1/public/lm/lmtt12.pfb>
Output written on /home/aidan/repos/masters/report/build/main.pdf (98 pages, 19
005407 bytes).
PDF statistics:
 1585 PDF objects out of 1728 (max. 8388607)
 1303 compressed objects within 14 object streams
 315 named destinations out of 1000 (max. 500000)
 833 words of extra memory for PDF output out of 10000 (max. 10000000)

